# JRE version: OpenJDK Runtime Environment (8.0_121-b13) (build 1.8.0_121-8u121-b13-0ubuntu1.16.04.2-b13)
# Java VM: OpenJDK 64-Bit Server VM (25.121-b13 mixed mode linux-amd64 compressed oops)
Heap:
 PSYoungGen      total 24576K, used 215K [0x00000000e1700000, 0x00000000e3200000, 0x0000000100000000)
  eden space 21504K, 0% used [0x00000000e1700000,0x00000000e172df38,0x00000000e2c00000)
  from space 3072K, 1% used [0x00000000e2c00000,0x00000000e2c08000,0x00000000e2f00000)
  to   space 3072K, 0% used [0x00000000e2f00000,0x00000000e2f00000,0x00000000e3200000)
 ParOldGen       total 62976K, used 1180K [0x00000000a4400000, 0x00000000a8180000, 0x00000000e1700000)
  object space 62976K, 1% used [0x00000000a4400000,0x00000000a4527070,0x00000000a8180000)
 Metaspace       used 7773K, capacity 7960K, committed 8064K, reserved 1056768K
  class space    used 833K, capacity 896K, committed 896K, reserved 1048576K
GC Heap History (10 events):
Event: 197.642 GC heap before
{Heap before GC invocations=9 (full 0):
 PSYoungGen      total 24576K, used 22048K [0x00000000e1700000, 0x00000000e3280000, 0x0000000100000000)
  eden space 22016K, 100% used [0x00000000e1700000,0x00000000e2c80000,0x00000000e2c80000)
  from space 2560K, 1% used [0x00000000e3000000,0x00000000e3008000,0x00000000e3280000)
  to   space 3072K, 0% used [0x00000000e2c80000,0x00000000e2c80000,0x00000000e2f80000)
 ParOldGen       total 62976K, used 1164K [0x00000000a4400000, 0x00000000a8180000, 0x00000000e1700000)
  object space 62976K, 1% used [0x00000000a4400000,0x00000000a4523070,0x00000000a8180000)
 Metaspace       used 7643K, capacity 7784K, committed 7808K, reserved 1056768K
  class space    used 820K, capacity 888K, committed 896K, reserved 1048576K
Event: 197.643 GC heap after
Heap after GC invocations=9 (full 0):
 PSYoungGen      total 22016K, used 32K [0x00000000e1700000, 0x00000000e3200000, 0x0000000100000000)
  eden space 21504K, 0% used [0x00000000e1700000,0x00000000e1700000,0x00000000e2c00000)
  from space 512K, 6% used [0x00000000e2c80000,0x00000000e2c88000,0x00000000e2d00000)
  to   space 3072K, 0% used [0x00000000e2f00000,0x00000000e2f00000,0x00000000e3200000)
 ParOldGen       total 62976K, used 1164K [0x00000000a4400000, 0x00000000a8180000, 0x00000000e1700000)
  object space 62976K, 1% used [0x00000000a4400000,0x00000000a4523070,0x00000000a8180000)
 Metaspace       used 7643K, capacity 7784K, committed 7808K, reserved 1056768K
  class space    used 820K, capacity 888K, committed 896K, reserved 1048576K
}
Event: 219.265 GC heap before
{Heap before GC invocations=10 (full 0):
 PSYoungGen      total 22016K, used 21536K [0x00000000e1700000, 0x00000000e3200000, 0x0000000100000000)
  eden space 21504K, 100% used [0x00000000e1700000,0x00000000e2c00000,0x00000000e2c00000)
  from space 512K, 6% used [0x00000000e2c80000,0x00000000e2c88000,0x00000000e2d00000)
  to   space 3072K, 0% used [0x00000000e2f00000,0x00000000e2f00000,0x00000000e3200000)
 ParOldGen       total 62976K, used 1164K [0x00000000a4400000, 0x00000000a8180000, 0x00000000e1700000)
  object space 62976K, 1% used [0x00000000a4400000,0x00000000a4523070,0x00000000a8180000)
 Metaspace       used 7643K, capacity 7784K, committed 7808K, reserved 1056768K
  class space    used 820K, capacity 888K, committed 896K, reserved 1048576K
Event: 219.266 GC heap after
Heap after GC invocations=10 (full 0):
 PSYoungGen      total 24576K, used 32K [0x00000000e1700000, 0x00000000e3200000, 0x0000000100000000)
  eden space 21504K, 0% used [0x00000000e1700000,0x00000000e1700000,0x00000000e2c00000)
  from space 3072K, 1% used [0x00000000e2f00000,0x00000000e2f08000,0x00000000e3200000)
  to   space 3072K, 0% used [0x00000000e2c00000,0x00000000e2c00000,0x00000000e2f00000)
 ParOldGen       total 62976K, used 1164K [0x00000000a4400000, 0x00000000a8180000, 0x00000000e1700000)
  object space 62976K, 1% used [0x00000000a4400000,0x00000000a4523070,0x00000000a8180000)
 Metaspace       used 7643K, capacity 7784K, committed 7808K, reserved 1056768K
  class space    used 820K, capacity 888K, committed 896K, reserved 1048576K
}
Event: 240.595 GC heap before
{Heap before GC invocations=11 (full 0):
 PSYoungGen      total 24576K, used 21536K [0x00000000e1700000, 0x00000000e3200000, 0x0000000100000000)
  eden space 21504K, 100% used [0x00000000e1700000,0x00000000e2c00000,0x00000000e2c00000)
  from space 3072K, 1% used [0x00000000e2f00000,0x00000000e2f08000,0x00000000e3200000)
  to   space 3072K, 0% used [0x00000000e2c00000,0x00000000e2c00000,0x00000000e2f00000)
 ParOldGen       total 62976K, used 1164K [0x00000000a4400000, 0x00000000a8180000, 0x00000000e1700000)
  object space 62976K, 1% used [0x00000000a4400000,0x00000000a4523070,0x00000000a8180000)
 Metaspace       used 7643K, capacity 7784K, committed 7808K, reserved 1056768K
  class space    used 820K, capacity 888K, committed 896K, reserved 1048576K
Event: 240.596 GC heap after
Heap after GC invocations=11 (full 0):
 PSYoungGen      total 24576K, used 32K [0x00000000e1700000, 0x00000000e3200000, 0x0000000100000000)
  eden space 21504K, 0% used [0x00000000e1700000,0x00000000e1700000,0x00000000e2c00000)
  from space 3072K, 1% used [0x00000000e2c00000,0x00000000e2c08000,0x00000000e2f00000)
  to   space 3072K, 0% used [0x00000000e2f00000,0x00000000e2f00000,0x00000000e3200000)
 ParOldGen       total 62976K, used 1172K [0x00000000a4400000, 0x00000000a8180000, 0x00000000e1700000)
  object space 62976K, 1% used [0x00000000a4400000,0x00000000a4525070,0x00000000a8180000)
 Metaspace       used 7643K, capacity 7784K, committed 7808K, reserved 1056768K
  class space    used 820K, capacity 888K, committed 896K, reserved 1048576K
}
Event: 261.924 GC heap before
{Heap before GC invocations=12 (full 0):
 PSYoungGen      total 24576K, used 21536K [0x00000000e1700000, 0x00000000e3200000, 0x0000000100000000)
  eden space 21504K, 100% used [0x00000000e1700000,0x00000000e2c00000,0x00000000e2c00000)
  from space 3072K, 1% used [0x00000000e2c00000,0x00000000e2c08000,0x00000000e2f00000)
  to   space 3072K, 0% used [0x00000000e2f00000,0x00000000e2f00000,0x00000000e3200000)
 ParOldGen       total 62976K, used 1172K [0x00000000a4400000, 0x00000000a8180000, 0x00000000e1700000)
  object space 62976K, 1% used [0x00000000a4400000,0x00000000a4525070,0x00000000a8180000)
 Metaspace       used 7643K, capacity 7784K, committed 7808K, reserved 1056768K
  class space    used 820K, capacity 888K, committed 896K, reserved 1048576K
Event: 261.925 GC heap after
Heap after GC invocations=12 (full 0):
 PSYoungGen      total 24576K, used 32K [0x00000000e1700000, 0x00000000e3200000, 0x0000000100000000)
  eden space 21504K, 0% used [0x00000000e1700000,0x00000000e1700000,0x00000000e2c00000)
  from space 3072K, 1% used [0x00000000e2f00000,0x00000000e2f08000,0x00000000e3200000)
  to   space 3072K, 0% used [0x00000000e2c00000,0x00000000e2c00000,0x00000000e2f00000)
 ParOldGen       total 62976K, used 1172K [0x00000000a4400000, 0x00000000a8180000, 0x00000000e1700000)
  object space 62976K, 1% used [0x00000000a4400000,0x00000000a4525070,0x00000000a8180000)
 Metaspace       used 7643K, capacity 7784K, committed 7808K, reserved 1056768K
  class space    used 820K, capacity 888K, committed 896K, reserved 1048576K
}
Event: 432.702 GC heap before
{Heap before GC invocations=13 (full 0):
 PSYoungGen      total 24576K, used 21536K [0x00000000e1700000, 0x00000000e3200000, 0x0000000100000000)
  eden space 21504K, 100% used [0x00000000e1700000,0x00000000e2c00000,0x00000000e2c00000)
  from space 3072K, 1% used [0x00000000e2f00000,0x00000000e2f08000,0x00000000e3200000)
  to   space 3072K, 0% used [0x00000000e2c00000,0x00000000e2c00000,0x00000000e2f00000)
 ParOldGen       total 62976K, used 1172K [0x00000000a4400000, 0x00000000a8180000, 0x00000000e1700000)
  object space 62976K, 1% used [0x00000000a4400000,0x00000000a4525070,0x00000000a8180000)
 Metaspace       used 7752K, capacity 7896K, committed 8064K, reserved 1056768K
  class space    used 832K, capacity 896K, committed 896K, reserved 1048576K
Event: 432.704 GC heap after
Heap after GC invocations=13 (full 0):
 PSYoungGen      total 24576K, used 32K [0x00000000e1700000, 0x00000000e3200000, 0x0000000100000000)
  eden space 21504K, 0% used [0x00000000e1700000,0x00000000e1700000,0x00000000e2c00000)
  from space 3072K, 1% used [0x00000000e2c00000,0x00000000e2c08000,0x00000000e2f00000)
  to   space 3072K, 0% used [0x00000000e2f00000,0x00000000e2f00000,0x00000000e3200000)
 ParOldGen       total 62976K, used 1180K [0x00000000a4400000, 0x00000000a8180000, 0x00000000e1700000)
  object space 62976K, 1% used [0x00000000a4400000,0x00000000a4527070,0x00000000a8180000)
 Metaspace       used 7752K, capacity 7896K, committed 8064K, reserved 1056768K
  class space    used 832K, capacity 896K, committed 896K, reserved 1048576K
}

